<?xml version="1.0" encoding="UTF-8"?>
<!-- Generated by org.testng.reporters.JUnitReportReporter -->
<testsuite skipped="1" hostname="DDC2-D-71DR9B2" name="pack1.demo2" tests="3" failures="0" timestamp="19 Jul 2019 08:55:51 GMT" time="0.016" errors="0">
  <testcase name="testGoogle" time="0.014" classname="pack1.demo2"/>
  <testcase name="testTwitter" time="0.002" classname="pack1.demo2"/>
  <testcase name="testFacebook" classname="pack1.demo2">
    <skipped/>
  </testcase> <!-- testFacebook -->
</testsuite> <!-- pack1.demo2 -->
