<?xml version="1.0" encoding="UTF-8"?>
<!-- Generated by org.testng.reporters.JUnitReportReporter -->
<testsuite skipped="0" hostname="DDC2-D-71DR9B2" name="pack1.doubleclick" tests="1" failures="0" timestamp="18 Jul 2019 11:29:10 GMT" time="9.338" errors="0">
  <testcase name="f" time="9.338" classname="pack1.doubleclick"/>
</testsuite> <!-- pack1.doubleclick -->
