<?xml version="1.0" encoding="UTF-8"?>
<!-- Generated by org.testng.reporters.JUnitReportReporter -->
<testsuite skipped="0" hostname="DDC2-D-71DR9B2" name="pack1.ex1testclass02" tests="2" failures="0" timestamp="19 Jul 2019 11:10:20 GMT" time="0.005" errors="0">
  <testcase name="tmethod3" time="0.002" classname="pack1.ex1testclass02"/>
  <testcase name="tmethod4" time="0.003" classname="pack1.ex1testclass02"/>
</testsuite> <!-- pack1.ex1testclass02 -->
