<?xml version="1.0" encoding="UTF-8"?>
<!-- Generated by org.testng.reporters.JUnitReportReporter -->
<testsuite skipped="0" hostname="DDC2-D-71DR9B2" name="pack1.tc_02" tests="1" failures="0" timestamp="17 Jul 2019 11:45:33 GMT" time="0.016" errors="0">
  <testcase name="f" time="0.016" classname="pack1.tc_02"/>
</testsuite> <!-- pack1.tc_02 -->
