<?xml version="1.0" encoding="UTF-8"?>
<!-- Generated by org.testng.reporters.JUnitReportReporter -->
<testsuite skipped="0" hostname="DDC2-D-71DR9B2" name="pack1.mouseactions" tests="1" failures="0" timestamp="18 Jul 2019 11:13:02 GMT" time="12.826" errors="0">
  <testcase name="func" time="12.826" classname="pack1.mouseactions"/>
</testsuite> <!-- pack1.mouseactions -->
