<?xml version="1.0" encoding="UTF-8"?>
<!-- Generated by org.testng.reporters.JUnitReportReporter -->
<testsuite skipped="0" hostname="DDC2-D-71DR9B2" name="pack1.ex1testclass01" tests="2" failures="0" timestamp="19 Jul 2019 11:10:19 GMT" time="0.021" errors="0">
  <testcase name="tmethod2" time="0.018" classname="pack1.ex1testclass01"/>
  <testcase name="tmethod1" time="0.003" classname="pack1.ex1testclass01"/>
</testsuite> <!-- pack1.ex1testclass01 -->
