<?xml version="1.0" encoding="UTF-8"?>
<!-- Generated by org.testng.reporters.JUnitReportReporter -->
<testsuite skipped="0" hostname="DDC2-D-71DR9B2" name="pack1.demo5class2" tests="3" failures="0" timestamp="19 Jul 2019 10:15:01 GMT" time="0.006" errors="0">
  <testcase name="method4" time="0.003" classname="pack1.demo5class2"/>
  <testcase name="method6" time="0.001" classname="pack1.demo5class2"/>
  <testcase name="method5" time="0.002" classname="pack1.demo5class2"/>
</testsuite> <!-- pack1.demo5class2 -->
