<?xml version="1.0" encoding="UTF-8"?>
<!-- Generated by org.testng.reporters.JUnitReportReporter -->
<testsuite skipped="0" hostname="DDC2-D-71DR9B2" name="pogram1.program1.handson" tests="4" failures="0" timestamp="18 Jul 2019 06:42:08 GMT" time="79.051" errors="0">
  <testcase name="f" time="16.215" classname="pogram1.program1.handson"/>
  <testcase name="f" time="17.326" classname="pogram1.program1.handson"/>
  <testcase name="f" time="16.382" classname="pogram1.program1.handson"/>
  <testcase name="f" time="29.128" classname="pogram1.program1.handson"/>
</testsuite> <!-- pogram1.program1.handson -->
