<?xml version="1.0" encoding="UTF-8"?>
<!-- Generated by org.testng.reporters.JUnitReportReporter -->
<testsuite skipped="0" hostname="DDC2-D-71DR9B2" name="pack1.testmehandson" tests="1" failures="0" timestamp="18 Jul 2019 12:33:32 GMT" time="31.440" errors="0">
  <testcase name="f" time="31.440" classname="pack1.testmehandson"/>
</testsuite> <!-- pack1.testmehandson -->
