<?xml version="1.0" encoding="UTF-8"?>
<!-- Generated by org.testng.reporters.JUnitReportReporter -->
<testsuite skipped="0" hostname="DDC2-D-71DR9B2" name="pack1.windowsdemo1" tests="1" failures="0" timestamp="18 Jul 2019 07:09:26 GMT" time="17.717" errors="0">
  <testcase name="f" time="17.717" classname="pack1.windowsdemo1"/>
</testsuite> <!-- pack1.windowsdemo1 -->
