<?xml version="1.0" encoding="UTF-8"?>
<!-- Generated by org.testng.reporters.JUnitReportReporter -->
<testsuite skipped="0" hostname="DDC2-D-71DR9B2" name="pack1.demo4" tests="4" failures="0" timestamp="19 Jul 2019 09:16:48 GMT" time="34.164" errors="0">
  <testcase name="testLogin" time="6.133" classname="pack1.demo4"/>
  <testcase name="testLogin" time="14.430" classname="pack1.demo4"/>
  <testcase name="testLogin" time="6.047" classname="pack1.demo4"/>
  <testcase name="testLogin" time="7.554" classname="pack1.demo4"/>
</testsuite> <!-- pack1.demo4 -->
