<?xml version="1.0" encoding="UTF-8"?>
<!-- Generated by org.testng.reporters.JUnitReportReporter -->
<testsuite skipped="0" hostname="DDC2-D-71DR9B2" name="pack1.framesdemo2" tests="1" failures="0" timestamp="18 Jul 2019 10:05:49 GMT" time="9.231" errors="0">
  <testcase name="f" time="9.231" classname="pack1.framesdemo2"/>
</testsuite> <!-- pack1.framesdemo2 -->
