<?xml version="1.0" encoding="UTF-8"?>
<!-- Generated by org.testng.reporters.JUnitReportReporter -->
<testsuite skipped="0" hostname="DDC2-D-71DR9B2" name="pack1.extentreportdemo1" tests="1" failures="0" timestamp="22 Jul 2019 07:00:48 GMT" time="22.308" errors="0">
  <testcase name="f" time="22.308" classname="pack1.extentreportdemo1"/>
</testsuite> <!-- pack1.extentreportdemo1 -->
