<?xml version="1.0" encoding="UTF-8"?>
<!-- Generated by org.testng.reporters.JUnitReportReporter -->
<testsuite skipped="0" hostname="DDC2-D-71DR9B2" name="pack1.NewTest1" tests="4" failures="0" timestamp="18 Jul 2019 03:57:48 GMT" time="0.075" errors="0">
  <testcase name="registration" time="0.001" classname="pack1.NewTest1"/>
  <testcase name="registration" time="0.002" classname="pack1.NewTest1"/>
  <testcase name="registration" time="0.045" classname="pack1.NewTest1"/>
  <testcase name="registration" time="0.027" classname="pack1.NewTest1"/>
</testsuite> <!-- pack1.NewTest1 -->
