<?xml version="1.0" encoding="UTF-8"?>
<!-- Generated by org.testng.reporters.JUnitReportReporter -->
<testsuite skipped="0" hostname="DDC2-D-71DR9B2" name="pack1.framesdemo" tests="1" failures="0" timestamp="18 Jul 2019 09:45:11 GMT" time="10.555" errors="0">
  <testcase name="f" time="10.555" classname="pack1.framesdemo"/>
</testsuite> <!-- pack1.framesdemo -->
