<?xml version="1.0" encoding="UTF-8"?>
<!-- Generated by org.testng.reporters.JUnitReportReporter -->
<testsuite skipped="0" hostname="DDC2-D-71DR9B2" name="pack1.gmail" tests="1" failures="0" timestamp="18 Jul 2019 11:26:40 GMT" time="9.532" errors="0">
  <testcase name="f" time="9.532" classname="pack1.gmail"/>
</testsuite> <!-- pack1.gmail -->
