<?xml version="1.0" encoding="UTF-8"?>
<!-- Generated by org.testng.reporters.JUnitReportReporter -->
<testsuite skipped="0" hostname="DDC2-D-71DR9B2" name="pack1.hdfcexample" tests="1" failures="0" timestamp="18 Jul 2019 09:08:01 GMT" time="21.000" errors="0">
  <testcase name="f" time="21.000" classname="pack1.hdfcexample"/>
</testsuite> <!-- pack1.hdfcexample -->
