<?xml version="1.0" encoding="UTF-8"?>
<!-- Generated by org.testng.reporters.JUnitReportReporter -->
<testsuite skipped="1" hostname="DDC2-D-71DR9B2" name="pack1.NewTest" tests="4" failures="0" timestamp="17 Jul 2019 11:45:33 GMT" time="0.005" errors="0">
  <testcase name="Logout" time="0.002" classname="pack1.NewTest"/>
  <testcase name="Addtocart" time="0.002" classname="pack1.NewTest"/>
  <testcase name="logout" time="0.001" classname="pack1.NewTest"/>
  <testcase name="Registration" classname="pack1.NewTest">
    <skipped/>
  </testcase> <!-- Registration -->
</testsuite> <!-- pack1.NewTest -->
