<?xml version="1.0" encoding="UTF-8"?>
<!-- Generated by org.testng.reporters.JUnitReportReporter -->
<testsuite skipped="0" hostname="DDC2-D-71DR9B2" name="pack1.demo5class1" tests="5" failures="0" timestamp="19 Jul 2019 10:15:01 GMT" time="0.026" errors="0">
  <testcase name="method1" time="0.002" classname="pack1.demo5class1"/>
  <testcase name="method2" time="0.003" classname="pack1.demo5class1"/>
  <testcase name="method3" time="0.002" classname="pack1.demo5class1"/>
  <testcase name="method1" time="0.017" classname="pack1.demo5class1"/>
  <testcase name="method3" time="0.002" classname="pack1.demo5class1"/>
</testsuite> <!-- pack1.demo5class1 -->
